2019-11-20 16:56:18,262 ERROR 16238 [-/127.0.0.1/-/82ms GET /system/menus] nodejs.Error: 14 UNAVAILABLE: failed to connect to all addresses
    at Object.exports.createStatusError (/home/jerry/code/Tripod/Applications/ERP/API/node_modules/_grpc@1.24.2@grpc/src/common.js:91:15)
    at Object.onReceiveStatus (/home/jerry/code/Tripod/Applications/ERP/API/node_modules/_grpc@1.24.2@grpc/src/client_interceptors.js:1209:28)
    at InterceptingListener._callNext (/home/jerry/code/Tripod/Applications/ERP/API/node_modules/_grpc@1.24.2@grpc/src/client_interceptors.js:568:42)
    at InterceptingListener.onReceiveStatus (/home/jerry/code/Tripod/Applications/ERP/API/node_modules/_grpc@1.24.2@grpc/src/client_interceptors.js:618:8)
    at callback (/home/jerry/code/Tripod/Applications/ERP/API/node_modules/_grpc@1.24.2@grpc/src/client_interceptors.js:847:24)
code: 14
metadata: {"_internal_repr":{},"flags":0}
details: "failed to connect to all addresses"
pid: 16238
hostname: ubuntu

2019-11-20 17:03:09,338 ERROR 17041 [-/127.0.0.1/-/84ms GET /system/menus] nodejs.Error: 14 UNAVAILABLE: failed to connect to all addresses
    at Object.exports.createStatusError (/home/jerry/code/Tripod/Applications/ERP/API/node_modules/_grpc@1.24.2@grpc/src/common.js:91:15)
    at Object.onReceiveStatus (/home/jerry/code/Tripod/Applications/ERP/API/node_modules/_grpc@1.24.2@grpc/src/client_interceptors.js:1209:28)
    at InterceptingListener._callNext (/home/jerry/code/Tripod/Applications/ERP/API/node_modules/_grpc@1.24.2@grpc/src/client_interceptors.js:568:42)
    at InterceptingListener.onReceiveStatus (/home/jerry/code/Tripod/Applications/ERP/API/node_modules/_grpc@1.24.2@grpc/src/client_interceptors.js:618:8)
    at callback (/home/jerry/code/Tripod/Applications/ERP/API/node_modules/_grpc@1.24.2@grpc/src/client_interceptors.js:847:24)
code: 14
metadata: {"_internal_repr":{},"flags":0}
details: "failed to connect to all addresses"
pid: 17041
hostname: ubuntu

2019-11-20 17:04:33,866 ERROR 17041 [-/127.0.0.1/-/2ms GET /system/menus] nodejs.Error: 14 UNAVAILABLE: failed to connect to all addresses
    at Object.exports.createStatusError (/home/jerry/code/Tripod/Applications/ERP/API/node_modules/_grpc@1.24.2@grpc/src/common.js:91:15)
    at Object.onReceiveStatus (/home/jerry/code/Tripod/Applications/ERP/API/node_modules/_grpc@1.24.2@grpc/src/client_interceptors.js:1209:28)
    at InterceptingListener._callNext (/home/jerry/code/Tripod/Applications/ERP/API/node_modules/_grpc@1.24.2@grpc/src/client_interceptors.js:568:42)
    at InterceptingListener.onReceiveStatus (/home/jerry/code/Tripod/Applications/ERP/API/node_modules/_grpc@1.24.2@grpc/src/client_interceptors.js:618:8)
    at callback (/home/jerry/code/Tripod/Applications/ERP/API/node_modules/_grpc@1.24.2@grpc/src/client_interceptors.js:847:24)
code: 14
metadata: {"_internal_repr":{},"flags":0}
details: "failed to connect to all addresses"
pid: 17041
hostname: ubuntu

2019-11-20 17:06:22,513 ERROR 17041 [-/127.0.0.1/-/3ms GET /system/menus] nodejs.Error: 14 UNAVAILABLE: failed to connect to all addresses
    at Object.exports.createStatusError (/home/jerry/code/Tripod/Applications/ERP/API/node_modules/_grpc@1.24.2@grpc/src/common.js:91:15)
    at Object.onReceiveStatus (/home/jerry/code/Tripod/Applications/ERP/API/node_modules/_grpc@1.24.2@grpc/src/client_interceptors.js:1209:28)
    at InterceptingListener._callNext (/home/jerry/code/Tripod/Applications/ERP/API/node_modules/_grpc@1.24.2@grpc/src/client_interceptors.js:568:42)
    at InterceptingListener.onReceiveStatus (/home/jerry/code/Tripod/Applications/ERP/API/node_modules/_grpc@1.24.2@grpc/src/client_interceptors.js:618:8)
    at callback (/home/jerry/code/Tripod/Applications/ERP/API/node_modules/_grpc@1.24.2@grpc/src/client_interceptors.js:847:24)
code: 14
metadata: {"_internal_repr":{},"flags":0}
details: "failed to connect to all addresses"
pid: 17041
hostname: ubuntu

2019-11-20 17:06:26,558 ERROR 17041 [-/127.0.0.1/-/10ms GET /system/menus] nodejs.Error: 14 UNAVAILABLE: failed to connect to all addresses
    at Object.exports.createStatusError (/home/jerry/code/Tripod/Applications/ERP/API/node_modules/_grpc@1.24.2@grpc/src/common.js:91:15)
    at Object.onReceiveStatus (/home/jerry/code/Tripod/Applications/ERP/API/node_modules/_grpc@1.24.2@grpc/src/client_interceptors.js:1209:28)
    at InterceptingListener._callNext (/home/jerry/code/Tripod/Applications/ERP/API/node_modules/_grpc@1.24.2@grpc/src/client_interceptors.js:568:42)
    at InterceptingListener.onReceiveStatus (/home/jerry/code/Tripod/Applications/ERP/API/node_modules/_grpc@1.24.2@grpc/src/client_interceptors.js:618:8)
    at callback (/home/jerry/code/Tripod/Applications/ERP/API/node_modules/_grpc@1.24.2@grpc/src/client_interceptors.js:847:24)
code: 14
metadata: {"_internal_repr":{},"flags":0}
details: "failed to connect to all addresses"
pid: 17041
hostname: ubuntu

