2019-11-15 00:00:01,212 INFO 14198 [egg-logrotator] app logger reload: got log-reload message
2019-11-20 15:37:00,282 INFO 4493 [egg:logger] init all loggers with options: {"dir":"/home/jerry/code/Tripod/Applications/ERP/API/logs/API","encoding":"utf8","env":"local","level":"INFO","consoleLevel":"INFO","disableConsoleAfterReady":false,"outputJSON":false,"buffer":true,"appLogName":"API-web.log","coreLogName":"egg-web.log","agentLogName":"egg-agent.log","errorLogName":"common-error.log","coreLogger":{"consoleLevel":"WARN"},"allowDebugAtProd":false,"type":"application"}
2019-11-20 15:37:00,303 INFO 4493 [egg-multipart] stream mode enable
2019-11-20 15:37:01,234 INFO 4493 [egg-static] starting static serve /public/ -> /home/jerry/code/Tripod/Applications/ERP/API/app/public
2019-11-20 15:37:01,243 INFO 4493 [egg-security] use csrf middleware
2019-11-20 15:37:01,246 INFO 4493 [egg-security] use methodnoallow middleware
2019-11-20 15:37:01,247 INFO 4493 [egg-security] use noopen middleware
2019-11-20 15:37:01,249 INFO 4493 [egg-security] use nosniff middleware
2019-11-20 15:37:01,249 INFO 4493 [egg-security] use xssProtection middleware
2019-11-20 15:37:01,250 INFO 4493 [egg-security] use xframe middleware
2019-11-20 15:37:01,252 INFO 4493 [egg-security] use dta middleware
2019-11-20 15:37:01,252 INFO 4493 [egg-security] compose 7 middlewares into one security middleware
2019-11-20 15:37:01,303 INFO 4493 [egg:core] dump config after load, 5ms
2019-11-20 16:51:41,522 INFO 15960 [egg:logger] init all loggers with options: {"dir":"/home/jerry/code/Tripod/Applications/ERP/API/logs/API","encoding":"utf8","env":"local","level":"INFO","consoleLevel":"INFO","disableConsoleAfterReady":false,"outputJSON":false,"buffer":true,"appLogName":"API-web.log","coreLogName":"egg-web.log","agentLogName":"egg-agent.log","errorLogName":"common-error.log","coreLogger":{"consoleLevel":"WARN"},"allowDebugAtProd":false,"type":"application"}
2019-11-20 16:51:41,558 INFO 15960 [egg-multipart] stream mode enable
2019-11-20 16:51:43,686 INFO 15960 [egg-static] starting static serve /public/ -> /home/jerry/code/Tripod/Applications/ERP/API/app/public
2019-11-20 16:51:43,701 INFO 15960 [egg-security] use csrf middleware
2019-11-20 16:51:43,702 INFO 15960 [egg-security] use methodnoallow middleware
2019-11-20 16:51:43,703 INFO 15960 [egg-security] use noopen middleware
2019-11-20 16:51:43,704 INFO 15960 [egg-security] use nosniff middleware
2019-11-20 16:51:43,705 INFO 15960 [egg-security] use xssProtection middleware
2019-11-20 16:51:43,706 INFO 15960 [egg-security] use xframe middleware
2019-11-20 16:51:43,707 INFO 15960 [egg-security] use dta middleware
2019-11-20 16:51:43,707 INFO 15960 [egg-security] compose 7 middlewares into one security middleware
2019-11-20 16:51:43,844 INFO 15960 [egg:core] dump config after load, 23ms
2019-11-20 16:51:44,011 INFO 15960 [egg-watcher:application] watcher start success
2019-11-20 16:51:44,062 INFO 15960 [egg:core] dump config after ready, 47ms
2019-11-20 16:54:35,628 INFO 16238 [egg:logger] init all loggers with options: {"dir":"/home/jerry/code/Tripod/Applications/ERP/API/logs/API","encoding":"utf8","env":"local","level":"INFO","consoleLevel":"INFO","disableConsoleAfterReady":false,"outputJSON":false,"buffer":true,"appLogName":"API-web.log","coreLogName":"egg-web.log","agentLogName":"egg-agent.log","errorLogName":"common-error.log","coreLogger":{"consoleLevel":"WARN"},"allowDebugAtProd":false,"type":"application"}
2019-11-20 16:54:35,694 INFO 16238 [egg-multipart] stream mode enable
2019-11-20 16:54:37,116 INFO 16238 [egg-static] starting static serve /public/ -> /home/jerry/code/Tripod/Applications/ERP/API/app/public
2019-11-20 16:54:37,124 INFO 16238 [egg-security] use csrf middleware
2019-11-20 16:54:37,127 INFO 16238 [egg-security] use methodnoallow middleware
2019-11-20 16:54:37,128 INFO 16238 [egg-security] use noopen middleware
2019-11-20 16:54:37,129 INFO 16238 [egg-security] use nosniff middleware
2019-11-20 16:54:37,130 INFO 16238 [egg-security] use xssProtection middleware
2019-11-20 16:54:37,131 INFO 16238 [egg-security] use xframe middleware
2019-11-20 16:54:37,132 INFO 16238 [egg-security] use dta middleware
2019-11-20 16:54:37,132 INFO 16238 [egg-security] compose 7 middlewares into one security middleware
2019-11-20 16:54:37,222 INFO 16238 [egg:core] dump config after load, 26ms
2019-11-20 16:54:37,321 INFO 16238 [egg-watcher:application] watcher start success
2019-11-20 16:54:37,341 INFO 16238 [egg:core] dump config after ready, 18ms
2019-11-20 17:02:44,808 INFO 17041 [egg:logger] init all loggers with options: {"dir":"/home/jerry/code/Tripod/Applications/ERP/API/logs/API","encoding":"utf8","env":"local","level":"INFO","consoleLevel":"INFO","disableConsoleAfterReady":false,"outputJSON":false,"buffer":true,"appLogName":"API-web.log","coreLogName":"egg-web.log","agentLogName":"egg-agent.log","errorLogName":"common-error.log","coreLogger":{"consoleLevel":"WARN"},"allowDebugAtProd":false,"type":"application"}
2019-11-20 17:02:45,202 INFO 17041 [egg-multipart] stream mode enable
2019-11-20 17:02:53,939 INFO 17041 [egg-static] starting static serve /public/ -> /home/jerry/code/Tripod/Applications/ERP/API/app/public
2019-11-20 17:02:54,068 INFO 17041 [egg-security] use csrf middleware
2019-11-20 17:02:54,071 INFO 17041 [egg-security] use methodnoallow middleware
2019-11-20 17:02:54,149 INFO 17041 [egg-security] use noopen middleware
2019-11-20 17:02:54,152 INFO 17041 [egg-security] use nosniff middleware
2019-11-20 17:02:54,158 INFO 17041 [egg-security] use xssProtection middleware
2019-11-20 17:02:54,162 INFO 17041 [egg-security] use xframe middleware
2019-11-20 17:02:54,178 INFO 17041 [egg-security] use dta middleware
2019-11-20 17:02:54,178 INFO 17041 [egg-security] compose 7 middlewares into one security middleware
2019-11-20 17:02:54,576 INFO 17041 [egg:core] dump config after load, 34ms
2019-11-20 17:02:54,745 INFO 17041 [egg-watcher:application] watcher start success
2019-11-20 17:02:54,775 INFO 17041 [egg:core] dump config after ready, 21ms
